;  LST file generated by mikroListExporter - v.2.0 
; Date/Time: 18/mar./2024 16:13:43
;----------------------------------------------

;Address Opcode 	ASM
0x0000	0x2803      	GOTO       3
_main:
;KARR.c,1 :: 		void main() {
;KARR.c,3 :: 		TRISB = 0x00;//PORTB como salida
0x0003	0x1683      	BSF        STATUS, 5
0x0004	0x0186      	CLRF       TRISB
;KARR.c,4 :: 		do{
L_main0:
;KARR.c,5 :: 		PORTB = 0x81;
0x0005	0x3081      	MOVLW      129
0x0006	0x1283      	BCF        STATUS, 5
0x0007	0x0086      	MOVWF      PORTB
;KARR.c,6 :: 		delay_ms(900);
0x0008	0x3005      	MOVLW      5
0x0009	0x00CB      	MOVWF      R11
0x000A	0x3091      	MOVLW      145
0x000B	0x00CC      	MOVWF      R12
0x000C	0x30CF      	MOVLW      207
0x000D	0x00CD      	MOVWF      R13
L_main3:
0x000E	0x0BCD      	DECFSZ     R13, 1
0x000F	0x280E      	GOTO       L_main3
0x0010	0x0BCC      	DECFSZ     R12, 1
0x0011	0x280E      	GOTO       L_main3
0x0012	0x0BCB      	DECFSZ     R11, 1
0x0013	0x280E      	GOTO       L_main3
0x0014	0x0000      	NOP
0x0015	0x0000      	NOP
;KARR.c,7 :: 		PORTB = 0x42;
0x0016	0x3042      	MOVLW      66
0x0017	0x0086      	MOVWF      PORTB
;KARR.c,8 :: 		delay_ms(900);
0x0018	0x3005      	MOVLW      5
0x0019	0x00CB      	MOVWF      R11
0x001A	0x3091      	MOVLW      145
0x001B	0x00CC      	MOVWF      R12
0x001C	0x30CF      	MOVLW      207
0x001D	0x00CD      	MOVWF      R13
L_main4:
0x001E	0x0BCD      	DECFSZ     R13, 1
0x001F	0x281E      	GOTO       L_main4
0x0020	0x0BCC      	DECFSZ     R12, 1
0x0021	0x281E      	GOTO       L_main4
0x0022	0x0BCB      	DECFSZ     R11, 1
0x0023	0x281E      	GOTO       L_main4
0x0024	0x0000      	NOP
0x0025	0x0000      	NOP
;KARR.c,9 :: 		PORTB = 0x24;
0x0026	0x3024      	MOVLW      36
0x0027	0x0086      	MOVWF      PORTB
;KARR.c,10 :: 		delay_ms(900);
0x0028	0x3005      	MOVLW      5
0x0029	0x00CB      	MOVWF      R11
0x002A	0x3091      	MOVLW      145
0x002B	0x00CC      	MOVWF      R12
0x002C	0x30CF      	MOVLW      207
0x002D	0x00CD      	MOVWF      R13
L_main5:
0x002E	0x0BCD      	DECFSZ     R13, 1
0x002F	0x282E      	GOTO       L_main5
0x0030	0x0BCC      	DECFSZ     R12, 1
0x0031	0x282E      	GOTO       L_main5
0x0032	0x0BCB      	DECFSZ     R11, 1
0x0033	0x282E      	GOTO       L_main5
0x0034	0x0000      	NOP
0x0035	0x0000      	NOP
;KARR.c,11 :: 		PORTB = 0x18;
0x0036	0x3018      	MOVLW      24
0x0037	0x0086      	MOVWF      PORTB
;KARR.c,12 :: 		delay_ms(900);
0x0038	0x3005      	MOVLW      5
0x0039	0x00CB      	MOVWF      R11
0x003A	0x3091      	MOVLW      145
0x003B	0x00CC      	MOVWF      R12
0x003C	0x30CF      	MOVLW      207
0x003D	0x00CD      	MOVWF      R13
L_main6:
0x003E	0x0BCD      	DECFSZ     R13, 1
0x003F	0x283E      	GOTO       L_main6
0x0040	0x0BCC      	DECFSZ     R12, 1
0x0041	0x283E      	GOTO       L_main6
0x0042	0x0BCB      	DECFSZ     R11, 1
0x0043	0x283E      	GOTO       L_main6
0x0044	0x0000      	NOP
0x0045	0x0000      	NOP
;KARR.c,13 :: 		PORTB = 0x24;
0x0046	0x3024      	MOVLW      36
0x0047	0x0086      	MOVWF      PORTB
;KARR.c,14 :: 		delay_ms(900);
0x0048	0x3005      	MOVLW      5
0x0049	0x00CB      	MOVWF      R11
0x004A	0x3091      	MOVLW      145
0x004B	0x00CC      	MOVWF      R12
0x004C	0x30CF      	MOVLW      207
0x004D	0x00CD      	MOVWF      R13
L_main7:
0x004E	0x0BCD      	DECFSZ     R13, 1
0x004F	0x284E      	GOTO       L_main7
0x0050	0x0BCC      	DECFSZ     R12, 1
0x0051	0x284E      	GOTO       L_main7
0x0052	0x0BCB      	DECFSZ     R11, 1
0x0053	0x284E      	GOTO       L_main7
0x0054	0x0000      	NOP
0x0055	0x0000      	NOP
;KARR.c,15 :: 		PORTB = 0x42;
0x0056	0x3042      	MOVLW      66
0x0057	0x0086      	MOVWF      PORTB
;KARR.c,16 :: 		}while(1);
0x0058	0x2805      	GOTO       L_main0
;KARR.c,17 :: 		}
L_end_main:
0x0059	0x2859      	GOTO       $+0
; end of _main
Symbol List:
//** Routines locations **
//ADDRESS    SIZE    PROCEDURE
//----------------------------------------------
0x0003      [87]    _main
//** Variables locations ** 
//ADDRESS    SIZE    VARIABLE
//----------------------------------------------
0x0000       [1]    INDF
0x0003       [1]    STATUS
0x0004       [1]    FSR
0x0006       [1]    PORTB
0x000A       [1]    PCLATH
0x000C       [2]    ___DoICPAddr
0x0040       [1]    R0
0x0041       [1]    R1
0x0042       [1]    R2
0x0043       [1]    R3
0x0044       [1]    R4
0x0045       [1]    R5
0x0046       [1]    R6
0x0047       [1]    R7
0x0048       [1]    R8
0x0049       [1]    R9
0x004A       [1]    R10
0x004B       [1]    R11
0x004C       [1]    R12
0x004D       [1]    R13
0x004E       [1]    R14
0x004F       [1]    R15
0x0086       [1]    TRISB
